<?xml version="1.0" encoding="UTF-8"?>
<!-- Generated by org.testng.reporters.JUnitReportReporter -->
<testsuite hostname="LAPTOP-GCEPLDKO" failures="0" tests="7" name="com.rest.testcases.TC001GetAllEmployees" time="0.102" errors="0" timestamp="2021-10-09T20:33:43 PDT" skipped="0">
  <testcase classname="com.rest.testcases.TC001GetAllEmployees" name="checkcontentEncoding" time="0.005"/>
  <system-out/>
  <testcase classname="com.rest.testcases.TC001GetAllEmployees" name="checkstatusLine" time="0.002"/>
  <system-out/>
  <testcase classname="com.rest.testcases.TC001GetAllEmployees" name="checkstatusCode" time="0.012"/>
  <system-out/>
  <testcase classname="com.rest.testcases.TC001GetAllEmployees" name="checkResponseBody" time="0.049"/>
  <system-out/>
  <testcase classname="com.rest.testcases.TC001GetAllEmployees" name="checkcontentType" time="0.021"/>
  <system-out/>
  <testcase classname="com.rest.testcases.TC001GetAllEmployees" name="checkcookies" time="0.005"/>
  <system-out/>
  <testcase classname="com.rest.testcases.TC001GetAllEmployees" name="checkresponseTime" time="0.008"/>
  <system-out/>
</testsuite> <!-- com.rest.testcases.TC001GetAllEmployees -->
