<?xml version="1.0" encoding="UTF-8"?>
<!-- Generated by org.testng.reporters.JUnitReportReporter -->
<testsuite hostname="LAPTOP-GCEPLDKO" failures="0" tests="3" name="com.rest.testcases.TC003PostEmployeeTest" time="4.293" errors="0" timestamp="2021-10-09T20:41:50 PDT" skipped="0">
  <testcase classname="com.rest.testcases.TC003PostEmployeeTest" name="PostData" time="0.608"/>
  <system-out/>
  <testcase classname="com.rest.testcases.TC003PostEmployeeTest" name="PostData" time="3.072"/>
  <system-out/>
  <testcase classname="com.rest.testcases.TC003PostEmployeeTest" name="PostData" time="0.613"/>
  <system-out/>
</testsuite> <!-- com.rest.testcases.TC003PostEmployeeTest -->
